Using pre-set license
Built from '2021.1/release' branch; Version is '2021.1.0f1 (61a549675243) revision 6399305'; Using compiler version '192528614'; Build Type 'Release'
OS: 'Windows 10 Pro; OS build 19041.1052; Version 2004; 64bit' Language: 'en' Physical Memory: 32693 MB
BatchMode: 1, IsHumanControllingUs: 0, StartBugReporterOnCrash: 0, Is64bit: 1, IsPro: 0

 COMMAND LINE ARGUMENTS:
C:\Program Files\Unity\Hub\Editor\2021.1.0f1\Editor\Unity.exe
-adb2
-batchMode
-noUpm
-name
AssetImportWorker0
-projectPath
C:/Users/chuli/Desktop/github/TMPManipulation
-logFile
Logs/AssetImportWorker0.log
-srvPort
64603
Successfully changed project path to: C:/Users/chuli/Desktop/github/TMPManipulation
C:/Users/chuli/Desktop/github/TMPManipulation
Using Asset Import Pipeline V2.
Refreshing native plugins compatible for Editor in 85.26 ms, found 1 plugins.
Preloading 0 native plugins for Editor in 0.00 ms.
Initialize engine version: 2021.1.0f1 (61a549675243)
[Subsystems] Discovering subsystems at path C:/Program Files/Unity/Hub/Editor/2021.1.0f1/Editor/Data/Resources/UnitySubsystems
[Subsystems] Discovering subsystems at path C:/Users/chuli/Desktop/github/TMPManipulation/Assets
GfxDevice: creating device client; threaded=0; jobified=0
Direct3D:
    Version:  Direct3D 11.0 [level 11.1]
    Renderer: NVIDIA GeForce RTX 2060 SUPER (ID=0x1f06)
    Vendor:   NVIDIA
    VRAM:     8031 MB
    Driver:   27.21.14.5671
Initialize mono
Mono path[0] = 'C:/Program Files/Unity/Hub/Editor/2021.1.0f1/Editor/Data/Managed'
Mono path[1] = 'C:/Program Files/Unity/Hub/Editor/2021.1.0f1/Editor/Data/MonoBleedingEdge/lib/mono/unityjit'
Mono config path = 'C:/Program Files/Unity/Hub/Editor/2021.1.0f1/Editor/Data/MonoBleedingEdge/etc'
Using monoOptions --debugger-agent=transport=dt_socket,embedding=1,server=y,suspend=n,address=127.0.0.1:56708
Begin MonoManager ReloadAssembly
Registering precompiled unity dll's ...
Register platform support module: C:/Program Files/Unity/Hub/Editor/2021.1.0f1/Editor/Data/PlaybackEngines/WindowsStandaloneSupport/UnityEditor.WindowsStandalone.Extensions.dll
Registered in 0.001476 seconds.
Native extension for WindowsStandalone target not found
Refreshing native plugins compatible for Editor in 95.30 ms, found 1 plugins.
Preloading 0 native plugins for Editor in 0.00 ms.
Mono: successfully reloaded assembly
- Completed reload, in  0.956 seconds
Platform modules already initialized, skipping
Registering precompiled user dll's ...
Registered in 0.002774 seconds.
Begin MonoManager ReloadAssembly
Native extension for WindowsStandalone target not found
Refreshing native plugins compatible for Editor in 89.98 ms, found 1 plugins.
Preloading 0 native plugins for Editor in 0.00 ms.
Mono: successfully reloaded assembly
- Completed reload, in  0.933 seconds
Platform modules already initialized, skipping
========================================================================
Worker process is ready to serve import requests
Shader 'Universal Render Pipeline/Particles/Lit': fallback shader 'Universal Render Pipeline/Particles/SimpleLit' not found
Shader 'Universal Render Pipeline/Particles/Lit': fallback shader 'Universal Render Pipeline/Particles/SimpleLit' not found
Launched and connected shader compiler UnityShaderCompiler.exe after 0.03 seconds
Refreshing native plugins compatible for Editor in 0.85 ms, found 1 plugins.
Preloading 0 native plugins for Editor in 0.00 ms.
Unloading 4057 Unused Serialized files (Serialized files now loaded: 0)
System memory in use before: 155.5 MB.
System memory in use after: 152.6 MB.

Unloading 62 unused Assets to reduce memory usage. Loaded Objects now: 4464.
Total: 3.603200 ms (FindLiveObjects: 0.408100 ms CreateObjectMapping: 0.109800 ms MarkObjects: 1.870000 ms  DeleteObjects: 1.214200 ms)

========================================================================
Received Import Request.
  path: Assets/Scripts
  artifactKey: Guid(039e9cf0b92491e4389a266551aea561) Importer(815301076,1909f56bfc062723c751e8b465ee728b)
Start importing Assets/Scripts using Guid(039e9cf0b92491e4389a266551aea561) Importer(815301076,1909f56bfc062723c751e8b465ee728b)  -> (artifact id: '22d0192b968041a0c2764b5171d44fce') in 0.011124 seconds 
========================================================================
Received Import Request.
  Time since last request: 2.435472 seconds.
  path: Assets/NaughtyAttributes
  artifactKey: Guid(86bbd049d4fb3fa4bb121a941574dfb0) Importer(815301076,1909f56bfc062723c751e8b465ee728b)
Start importing Assets/NaughtyAttributes using Guid(86bbd049d4fb3fa4bb121a941574dfb0) Importer(815301076,1909f56bfc062723c751e8b465ee728b)  -> (artifact id: '4560365fbcf9db56e4de5e33a0ebcd40') in 0.005636 seconds 
========================================================================
Received Import Request.
  Time since last request: 9.161788 seconds.
  path: Assets/Scripts/SimpleCameraController.cs
  artifactKey: Guid(ce11d871723f49b4fbcf77fccdcf3809) Importer(815301076,1909f56bfc062723c751e8b465ee728b)
Start importing Assets/Scripts/SimpleCameraController.cs using Guid(ce11d871723f49b4fbcf77fccdcf3809) Importer(815301076,1909f56bfc062723c751e8b465ee728b)  -> (artifact id: 'fe5c856e760767dec04f743c6ac4a01a') in 0.023831 seconds 
========================================================================
Received Prepare
Registering precompiled user dll's ...
Registered in 0.002463 seconds.
Begin MonoManager ReloadAssembly
Native extension for WindowsStandalone target not found
Refreshing native plugins compatible for Editor in 0.84 ms, found 1 plugins.
Preloading 0 native plugins for Editor in 0.00 ms.
Mono: successfully reloaded assembly
- Completed reload, in  0.785 seconds
Platform modules already initialized, skipping
Shader 'Universal Render Pipeline/Particles/Lit': fallback shader 'Universal Render Pipeline/Particles/SimpleLit' not found
Shader 'Universal Render Pipeline/Particles/Lit': fallback shader 'Universal Render Pipeline/Particles/SimpleLit' not found
Refreshing native plugins compatible for Editor in 0.90 ms, found 1 plugins.
Preloading 0 native plugins for Editor in 0.00 ms.
Unloading 4032 Unused Serialized files (Serialized files now loaded: 0)
System memory in use before: 154.0 MB.
System memory in use after: 151.0 MB.

Unloading 57 unused Assets to reduce memory usage. Loaded Objects now: 4468.
Total: 4.369300 ms (FindLiveObjects: 0.411100 ms CreateObjectMapping: 0.113200 ms MarkObjects: 2.567400 ms  DeleteObjects: 1.276500 ms)

========================================================================
Received Import Request.
  Time since last request: 8.313204 seconds.
  path: Assets/Scripts/Readme.cs
  artifactKey: Guid(45a2a31cf8dec6b429bbf2b09b089453) Importer(815301076,1909f56bfc062723c751e8b465ee728b)
Start importing Assets/Scripts/Readme.cs using Guid(45a2a31cf8dec6b429bbf2b09b089453) Importer(815301076,1909f56bfc062723c751e8b465ee728b)  -> (artifact id: '786c77a1abb65236f615d0f2878279bc') in 0.011241 seconds 
========================================================================
Received Prepare
Registering precompiled user dll's ...
Registered in 0.002592 seconds.
Begin MonoManager ReloadAssembly
Native extension for WindowsStandalone target not found
Refreshing native plugins compatible for Editor in 0.86 ms, found 1 plugins.
Preloading 0 native plugins for Editor in 0.00 ms.
Mono: successfully reloaded assembly
- Completed reload, in  0.792 seconds
Platform modules already initialized, skipping
Shader 'Universal Render Pipeline/Particles/Lit': fallback shader 'Universal Render Pipeline/Particles/SimpleLit' not found
Shader 'Universal Render Pipeline/Particles/Lit': fallback shader 'Universal Render Pipeline/Particles/SimpleLit' not found
Refreshing native plugins compatible for Editor in 0.83 ms, found 1 plugins.
Preloading 0 native plugins for Editor in 0.00 ms.
Unloading 4033 Unused Serialized files (Serialized files now loaded: 0)
System memory in use before: 154.1 MB.
System memory in use after: 151.1 MB.

Unloading 57 unused Assets to reduce memory usage. Loaded Objects now: 4472.
Total: 4.092200 ms (FindLiveObjects: 0.423300 ms CreateObjectMapping: 0.111700 ms MarkObjects: 1.983500 ms  DeleteObjects: 1.572400 ms)

========================================================================
Received Prepare
Registering precompiled user dll's ...
Registered in 0.003254 seconds.
Begin MonoManager ReloadAssembly
Native extension for WindowsStandalone target not found
Refreshing native plugins compatible for Editor in 0.87 ms, found 1 plugins.
Preloading 0 native plugins for Editor in 0.00 ms.
Mono: successfully reloaded assembly
- Completed reload, in  0.826 seconds
Platform modules already initialized, skipping
Shader 'Universal Render Pipeline/Particles/Lit': fallback shader 'Universal Render Pipeline/Particles/SimpleLit' not found
Shader 'Universal Render Pipeline/Particles/Lit': fallback shader 'Universal Render Pipeline/Particles/SimpleLit' not found
Refreshing native plugins compatible for Editor in 0.79 ms, found 1 plugins.
Preloading 0 native plugins for Editor in 0.00 ms.
Unloading 4032 Unused Serialized files (Serialized files now loaded: 0)
System memory in use before: 154.1 MB.
System memory in use after: 151.1 MB.

Unloading 58 unused Assets to reduce memory usage. Loaded Objects now: 4474.
Total: 3.863500 ms (FindLiveObjects: 0.434700 ms CreateObjectMapping: 0.112400 ms MarkObjects: 1.924100 ms  DeleteObjects: 1.391400 ms)

========================================================================
Received Prepare
Registering precompiled user dll's ...
Registered in 0.002710 seconds.
Begin MonoManager ReloadAssembly
Native extension for WindowsStandalone target not found
Refreshing native plugins compatible for Editor in 0.84 ms, found 1 plugins.
Preloading 0 native plugins for Editor in 0.00 ms.
Mono: successfully reloaded assembly
- Completed reload, in  0.790 seconds
Platform modules already initialized, skipping
Shader 'Universal Render Pipeline/Particles/Lit': fallback shader 'Universal Render Pipeline/Particles/SimpleLit' not found
Shader 'Universal Render Pipeline/Particles/Lit': fallback shader 'Universal Render Pipeline/Particles/SimpleLit' not found
Refreshing native plugins compatible for Editor in 0.84 ms, found 1 plugins.
Preloading 0 native plugins for Editor in 0.00 ms.
Unloading 4032 Unused Serialized files (Serialized files now loaded: 0)
System memory in use before: 154.1 MB.
System memory in use after: 151.2 MB.

Unloading 57 unused Assets to reduce memory usage. Loaded Objects now: 4477.
Total: 3.821000 ms (FindLiveObjects: 0.417200 ms CreateObjectMapping: 0.114400 ms MarkObjects: 1.883000 ms  DeleteObjects: 1.405000 ms)

========================================================================
Received Prepare
Registering precompiled user dll's ...
Registered in 0.002606 seconds.
Begin MonoManager ReloadAssembly
Native extension for WindowsStandalone target not found
Refreshing native plugins compatible for Editor in 0.84 ms, found 1 plugins.
Preloading 0 native plugins for Editor in 0.00 ms.
Mono: successfully reloaded assembly
- Completed reload, in  0.793 seconds
Platform modules already initialized, skipping
Shader 'Universal Render Pipeline/Particles/Lit': fallback shader 'Universal Render Pipeline/Particles/SimpleLit' not found
Shader 'Universal Render Pipeline/Particles/Lit': fallback shader 'Universal Render Pipeline/Particles/SimpleLit' not found
Refreshing native plugins compatible for Editor in 0.86 ms, found 1 plugins.
Preloading 0 native plugins for Editor in 0.00 ms.
Unloading 4031 Unused Serialized files (Serialized files now loaded: 0)
System memory in use before: 154.1 MB.
System memory in use after: 151.1 MB.

Unloading 58 unused Assets to reduce memory usage. Loaded Objects now: 4479.
Total: 4.074100 ms (FindLiveObjects: 0.421200 ms CreateObjectMapping: 0.112600 ms MarkObjects: 2.136100 ms  DeleteObjects: 1.403300 ms)

========================================================================
Received Import Request.
  Time since last request: 43.186764 seconds.
  path: Assets/TMPManipulation
  artifactKey: Guid(cf00525ca1f2fce48aca80909f5fb9da) Importer(815301076,1909f56bfc062723c751e8b465ee728b)
Start importing Assets/TMPManipulation using Guid(cf00525ca1f2fce48aca80909f5fb9da) Importer(815301076,1909f56bfc062723c751e8b465ee728b)  -> (artifact id: 'bda3fbba38a1dd858f8efc4c6aff9f16') in 0.011001 seconds 
========================================================================
Received Import Request.
  Time since last request: 1.608619 seconds.
  path: Assets/ExtensionMethods.cs
  artifactKey: Guid(d28457fad442457488dcf6bd6550bdbd) Importer(815301076,1909f56bfc062723c751e8b465ee728b)
Start importing Assets/ExtensionMethods.cs using Guid(d28457fad442457488dcf6bd6550bdbd) Importer(815301076,1909f56bfc062723c751e8b465ee728b)  -> (artifact id: '19b11b0d3fe63a5bf87a1a5e8084817d') in 0.005969 seconds 
========================================================================
Received Import Request.
  Time since last request: 1.032430 seconds.
  path: Assets/TMP_Shake.cs
  artifactKey: Guid(71a43f798ee24ab5909a92e2cdc7d1c8) Importer(815301076,1909f56bfc062723c751e8b465ee728b)
Start importing Assets/TMP_Shake.cs using Guid(71a43f798ee24ab5909a92e2cdc7d1c8) Importer(815301076,1909f56bfc062723c751e8b465ee728b)  -> (artifact id: '2de3c729b7f7d4c23324d99ec46b866a') in 0.008940 seconds 
========================================================================
Received Prepare
Registering precompiled user dll's ...
Registered in 0.002619 seconds.
Begin MonoManager ReloadAssembly
Native extension for WindowsStandalone target not found
Refreshing native plugins compatible for Editor in 0.87 ms, found 1 plugins.
Preloading 0 native plugins for Editor in 0.00 ms.
Mono: successfully reloaded assembly
- Completed reload, in  0.778 seconds
Platform modules already initialized, skipping
Shader 'Universal Render Pipeline/Particles/Lit': fallback shader 'Universal Render Pipeline/Particles/SimpleLit' not found
Shader 'Universal Render Pipeline/Particles/Lit': fallback shader 'Universal Render Pipeline/Particles/SimpleLit' not found
Refreshing native plugins compatible for Editor in 0.81 ms, found 1 plugins.
Preloading 0 native plugins for Editor in 0.00 ms.
Unloading 4031 Unused Serialized files (Serialized files now loaded: 0)
System memory in use before: 154.1 MB.
System memory in use after: 151.2 MB.

Unloading 57 unused Assets to reduce memory usage. Loaded Objects now: 4482.
Total: 3.763100 ms (FindLiveObjects: 0.422700 ms CreateObjectMapping: 0.111600 ms MarkObjects: 1.820700 ms  DeleteObjects: 1.407100 ms)

========================================================================
Received Import Request.
  Time since last request: 37.718068 seconds.
  path: Assets/TMPManipulation/TMPManipulation.asmdef
  artifactKey: Guid(cd6390e9496be7e40b95edae855e32f3) Importer(815301076,1909f56bfc062723c751e8b465ee728b)
Start importing Assets/TMPManipulation/TMPManipulation.asmdef using Guid(cd6390e9496be7e40b95edae855e32f3) Importer(815301076,1909f56bfc062723c751e8b465ee728b)  -> (artifact id: 'f89680bf2b36e1f8e98def8d51e13fb6') in 0.009979 seconds 
========================================================================
Received Import Request.
  Time since last request: 53.578662 seconds.
  path: Assets/TMPManipulation/TMPManipulation.asmdef
  artifactKey: Guid(cd6390e9496be7e40b95edae855e32f3) Importer(815301076,1909f56bfc062723c751e8b465ee728b)
Start importing Assets/TMPManipulation/TMPManipulation.asmdef using Guid(cd6390e9496be7e40b95edae855e32f3) Importer(815301076,1909f56bfc062723c751e8b465ee728b)  -> (artifact id: 'c9323adf6df1ef6e02c723df066f3980') in 0.002642 seconds 
========================================================================
Received Prepare
Registering precompiled user dll's ...
Registered in 0.002483 seconds.
Begin MonoManager ReloadAssembly
Native extension for WindowsStandalone target not found
Refreshing native plugins compatible for Editor in 0.84 ms, found 1 plugins.
Preloading 0 native plugins for Editor in 0.00 ms.
Mono: successfully reloaded assembly
- Completed reload, in  0.776 seconds
Platform modules already initialized, skipping
Shader 'Universal Render Pipeline/Particles/Lit': fallback shader 'Universal Render Pipeline/Particles/SimpleLit' not found
Shader 'Universal Render Pipeline/Particles/Lit': fallback shader 'Universal Render Pipeline/Particles/SimpleLit' not found
Refreshing native plugins compatible for Editor in 0.84 ms, found 1 plugins.
Preloading 0 native plugins for Editor in 0.00 ms.
Unloading 4031 Unused Serialized files (Serialized files now loaded: 0)
System memory in use before: 154.1 MB.
System memory in use after: 151.2 MB.

Unloading 57 unused Assets to reduce memory usage. Loaded Objects now: 4485.
Total: 3.832900 ms (FindLiveObjects: 0.431500 ms CreateObjectMapping: 0.110900 ms MarkObjects: 1.909800 ms  DeleteObjects: 1.379600 ms)

========================================================================
Received Import Request.
  Time since last request: 10.687300 seconds.
  path: Assets/TMPManipulation/TMP_Repeat.cs
  artifactKey: Guid(56d6bb66ffe7e034186ad707f1b46521) Importer(815301076,1909f56bfc062723c751e8b465ee728b)
Start importing Assets/TMPManipulation/TMP_Repeat.cs using Guid(56d6bb66ffe7e034186ad707f1b46521) Importer(815301076,1909f56bfc062723c751e8b465ee728b)  -> (artifact id: '05389fa1bab34387990dcb6399391be1') in 0.010740 seconds 
========================================================================
Received Import Request.
  Time since last request: 32.470528 seconds.
  path: Assets/TMPManipulation/TMPManipulation.asmdef
  artifactKey: Guid(cd6390e9496be7e40b95edae855e32f3) Importer(815301076,1909f56bfc062723c751e8b465ee728b)
Start importing Assets/TMPManipulation/TMPManipulation.asmdef using Guid(cd6390e9496be7e40b95edae855e32f3) Importer(815301076,1909f56bfc062723c751e8b465ee728b)  -> (artifact id: 'f2245cd85e6af0515dbd58bc01a3acd7') in 0.002182 seconds 
========================================================================
Received Prepare
Registering precompiled user dll's ...
Registered in 0.002578 seconds.
Begin MonoManager ReloadAssembly
Native extension for WindowsStandalone target not found
Refreshing native plugins compatible for Editor in 0.86 ms, found 1 plugins.
Preloading 0 native plugins for Editor in 0.00 ms.
Mono: successfully reloaded assembly
- Completed reload, in  0.783 seconds
Platform modules already initialized, skipping
Shader 'Universal Render Pipeline/Particles/Lit': fallback shader 'Universal Render Pipeline/Particles/SimpleLit' not found
Shader 'Universal Render Pipeline/Particles/Lit': fallback shader 'Universal Render Pipeline/Particles/SimpleLit' not found
Refreshing native plugins compatible for Editor in 0.83 ms, found 1 plugins.
Preloading 0 native plugins for Editor in 0.00 ms.
Unloading 4031 Unused Serialized files (Serialized files now loaded: 0)
System memory in use before: 154.1 MB.
System memory in use after: 151.2 MB.

Unloading 57 unused Assets to reduce memory usage. Loaded Objects now: 4488.
Total: 4.184500 ms (FindLiveObjects: 0.415700 ms CreateObjectMapping: 0.114800 ms MarkObjects: 2.239200 ms  DeleteObjects: 1.413400 ms)

========================================================================
Received Prepare
Registering precompiled user dll's ...
Registered in 0.002544 seconds.
Begin MonoManager ReloadAssembly
Native extension for WindowsStandalone target not found
Refreshing native plugins compatible for Editor in 0.84 ms, found 1 plugins.
Preloading 0 native plugins for Editor in 0.00 ms.
Mono: successfully reloaded assembly
- Completed reload, in  0.788 seconds
Platform modules already initialized, skipping
Shader 'Universal Render Pipeline/Particles/Lit': fallback shader 'Universal Render Pipeline/Particles/SimpleLit' not found
Shader 'Universal Render Pipeline/Particles/Lit': fallback shader 'Universal Render Pipeline/Particles/SimpleLit' not found
Refreshing native plugins compatible for Editor in 0.86 ms, found 1 plugins.
Preloading 0 native plugins for Editor in 0.00 ms.
Unloading 4031 Unused Serialized files (Serialized files now loaded: 0)
System memory in use before: 154.1 MB.
System memory in use after: 151.2 MB.

Unloading 57 unused Assets to reduce memory usage. Loaded Objects now: 4491.
Total: 4.313800 ms (FindLiveObjects: 0.452900 ms CreateObjectMapping: 0.116000 ms MarkObjects: 2.157600 ms  DeleteObjects: 1.586000 ms)

AssetImportWorkerClient::OnTransportError - code=2 error=End of file
